
[09:53:48] [ERROR] No command specified
[10:14:07] [ERROR] No command specified
[10:50:05] [ERROR] No command specified
[10:51:40] [ERROR] Command "./alambic" not found
[10:51:54] [ERROR] Command "./alambic" not found
[10:52:09] [ERROR] Command "./alambic" not found
[10:52:50] [ERROR] No command specified
[10:52:56] [ERROR] No command specified
[10:53:19] [ERROR] Command "./alambic" not found
[10:55:55] [ERROR] Command "./alambic" not found
[10:56:00] [ERROR] Command "./alambic" not found
[10:56:05] [ERROR] Command "./alambic" not found
[10:57:23] [ERROR] Command "./alambic" not found
[10:57:30] [ERROR] Command "./alambic" not found
[10:57:58] [ERROR] Command "./alambic" not found
[10:58:11] [ERROR] No command specified
[10:58:14] [ERROR] Command "test" not found
[10:58:20] [ERROR] Command "test" not found
[10:58:25] [ERROR] Command "./alambic" not found
[11:02:47] [ERROR] Command "./alambic" not found
[11:03:00] [ERROR] No command specified
[11:03:04] [ERROR] No command specified
[11:03:23] [ERROR] No command specified
[11:03:50] [ERROR] Command "./alambic" not found
[11:04:02] [ERROR] Command "test" not found
[11:04:34] [ERROR] Command "./alambic" not found
[11:04:46] [ERROR] Command "./alambic" not found
[11:05:55] [ERROR] Command "./alambic" not found
[11:06:19] [ERROR] Command "./alambic" not found
[11:06:26] [ERROR] Command "./alambic" not found
[11:06:36] [ERROR] Command "./alambic" not found
[11:06:51] [ERROR] Command "./alambic" not found
[11:07:18] [ERROR] Command "./alambic" not found
[11:07:37] [ERROR] Command "./alambic" not found
[11:08:11] [ERROR] Command "test" not found
[11:08:35] [ERROR] Command "test" not found
[11:10:43] [ERROR] Command "test" not found
[11:10:46] [INFO] Command: make Description: Make a new file, such as a controller or a view Usage: alambic make:<type> <name>
[11:11:12] [INFO] Command: make Description: Make a new file, such as a controller or a view Usage: alambic make:<type> <name>
[11:12:07] [ERROR] Server failed to start
[11:12:49] [ERROR] Server failed to start