
[20:50:21] [ERROR] Server failed to start
[20:51:02] [ERROR] Server failed to start
[20:51:33] [INFO] [32mServer started at:[39m
[33m-> http://localhost:5000[39m
---------
[32mSettings:[39m
[33m-> PROTOCOL: http[39m
[33m-> DOMAIN: localhost[39m
[33m-> PORT: 5000[39m
[33m-> NODE_ENV: development[39m
[33m-> LOG_LEVEL: debug[39m
[20:52:32] [INFO] [32mServer started at:[39m
[33m-> http://localhost:5000[39m
---------
[32mSettings:[39m
[33m-> PROTOCOL: http[39m
[33m-> DOMAIN: localhost[39m
[33m-> PORT: 5000[39m
[33m-> NODE_ENV: development[39m
[33m-> LOG_LEVEL: debug[39m
[20:53:23] [INFO] [32mServer started at:[39m
[33m-> http://localhost:5000[39m
---------
[32mSettings:[39m
[33m-> PROTOCOL: http[39m
[33m-> DOMAIN: localhost[39m
[33m-> PORT: 5000[39m
[33m-> NODE_ENV: development[39m
[33m-> LOG_LEVEL: debug[39m
[20:54:14] [INFO] [32mServer started at:[39m
[33m-> http://localhost:5000[39m
---------
[32mSettings:[39m
[33m-> PROTOCOL: http[39m
[33m-> DOMAIN: localhost[39m
[33m-> PORT: 5000[39m
[33m-> NODE_ENV: development[39m
[33m-> LOG_LEVEL: debug[39m
[20:54:39] [INFO] [32mServer started at:[39m
[33m-> http://localhost:5000[39m
---------
[32mSettings:[39m
[33m-> PROTOCOL: http[39m
[33m-> DOMAIN: localhost[39m
[33m-> PORT: 5000[39m
[33m-> NODE_ENV: development[39m
[33m-> LOG_LEVEL: debug[39m
[20:55:00] [INFO] [32mServer started at:[39m
[33m-> http://localhost:5000[39m
---------
[32mSettings:[39m
[33m-> PROTOCOL: http[39m
[33m-> DOMAIN: localhost[39m
[33m-> PORT: 5000[39m
[33m-> NODE_ENV: development[39m
[33m-> LOG_LEVEL: debug[39m
[20:55:29] [INFO] [32mServer started at:[39m
[33m-> http://localhost:5000[39m
---------
[32mSettings:[39m
[33m-> PROTOCOL: http[39m
[33m-> DOMAIN: localhost[39m
[33m-> PORT: 5000[39m
[33m-> NODE_ENV: development[39m
[33m-> LOG_LEVEL: debug[39m
[20:56:32] [INFO] [32mServer started at:[39m
[33m-> http://localhost:5000[39m
---------
[32mSettings:[39m
[33m-> PROTOCOL: http[39m
[33m-> DOMAIN: localhost[39m
[33m-> PORT: 5000[39m
[33m-> NODE_ENV: development[39m
[33m-> LOG_LEVEL: debug[39m
[21:01:56] [INFO] [32mServer started at:[39m
[33m-> http://localhost:5000[39m
---------
[32mSettings:[39m
[33m-> PROTOCOL: http[39m
[33m-> DOMAIN: localhost[39m
[33m-> PORT: 5000[39m
[33m-> NODE_ENV: development[39m
[33m-> LOG_LEVEL: debug[39m
[21:02:26] [INFO] [32mServer started at:[39m
[33m-> http://localhost:5000[39m
---------
[32mSettings:[39m
[33m-> PROTOCOL: http[39m
[33m-> DOMAIN: localhost[39m
[33m-> PORT: 5000[39m
[33m-> NODE_ENV: development[39m
[33m-> LOG_LEVEL: debug[39m
[21:47:17] [INFO] [32mServer started at:[39m
[33m-> http://localhost:5000[39m
---------
[32mSettings:[39m
[33m-> PROTOCOL: http[39m
[33m-> DOMAIN: localhost[39m
[33m-> PORT: 5000[39m
[33m-> NODE_ENV: development[39m
[33m-> LOG_LEVEL: debug[39m
[21:48:21] [INFO] [32mServer started at:[39m
[33m-> http://localhost:5000[39m
---------
[32mSettings:[39m
[33m-> PROTOCOL: http[39m
[33m-> DOMAIN: localhost[39m
[33m-> PORT: 5000[39m
[33m-> NODE_ENV: development[39m
[33m-> LOG_LEVEL: debug[39m
[21:48:39] [INFO] [32mServer started at:[39m
[33m-> http://localhost:5000[39m
---------
[32mSettings:[39m
[33m-> PROTOCOL: http[39m
[33m-> DOMAIN: localhost[39m
[33m-> PORT: 5000[39m
[33m-> NODE_ENV: development[39m
[33m-> LOG_LEVEL: debug[39m
[22:01:06] [INFO] [32mServer started at:[39m
[33m-> http://localhost:5000[39m
---------
[32mSettings:[39m
[33m-> PROTOCOL: http[39m
[33m-> DOMAIN: localhost[39m
[33m-> PORT: 5000[39m
[33m-> NODE_ENV: development[39m
[33m-> LOG_LEVEL: debug[39m
[22:02:09] [INFO] [32mServer started at:[39m
[33m-> http://localhost:5000[39m
---------
[32mSettings:[39m
[33m-> PROTOCOL: http[39m
[33m-> DOMAIN: localhost[39m
[33m-> PORT: 5000[39m
[33m-> NODE_ENV: development[39m
[33m-> LOG_LEVEL: debug[39m
[22:07:53] [INFO] [32mServer started at:[39m
[33m-> http://localhost:5000[39m
---------
[32mSettings:[39m
[33m-> PROTOCOL: http[39m
[33m-> DOMAIN: localhost[39m
[33m-> PORT: 5000[39m
[33m-> NODE_ENV: development[39m
[33m-> LOG_LEVEL: debug[39m
[22:11:34] [INFO] [32mServer started at:[39m
[33m-> http://localhost:5000[39m
---------
[32mSettings:[39m
[33m-> PROTOCOL: http[39m
[33m-> DOMAIN: localhost[39m
[33m-> PORT: 5000[39m
[33m-> NODE_ENV: development[39m
[33m-> LOG_LEVEL: debug[39m
[22:18:53] [INFO] [32mServer started at:[39m
[33m-> http://localhost:5000[39m
---------
[32mSettings:[39m
[33m-> PROTOCOL: http[39m
[33m-> DOMAIN: localhost[39m
[33m-> PORT: 5000[39m
[33m-> NODE_ENV: development[39m
[33m-> LOG_LEVEL: debug[39m
[22:19:43] [INFO] [32mServer started at:[39m
[33m-> http://localhost:5000[39m
---------
[32mSettings:[39m
[33m-> PROTOCOL: http[39m
[33m-> DOMAIN: localhost[39m
[33m-> PORT: 5000[39m
[33m-> NODE_ENV: development[39m
[33m-> LOG_LEVEL: debug[39m
[22:19:45] [INFO] [32mServer started at:[39m
[33m-> http://localhost:5000[39m
---------
[32mSettings:[39m
[33m-> PROTOCOL: http[39m
[33m-> DOMAIN: localhost[39m
[33m-> PORT: 5000[39m
[33m-> NODE_ENV: development[39m
[33m-> LOG_LEVEL: debug[39m
[22:20:18] [INFO] [32mServer started at:[39m
[33m-> http://localhost:5000[39m
---------
[32mSettings:[39m
[33m-> PROTOCOL: http[39m
[33m-> DOMAIN: localhost[39m
[33m-> PORT: 5000[39m
[33m-> NODE_ENV: development[39m
[33m-> LOG_LEVEL: debug[39m
[22:22:29] [INFO] [32mServer started at:[39m
[33m-> http://localhost:5000[39m
---------
[32mSettings:[39m
[33m-> PROTOCOL: http[39m
[33m-> DOMAIN: localhost[39m
[33m-> PORT: 5000[39m
[33m-> NODE_ENV: development[39m
[33m-> LOG_LEVEL: debug[39m
[22:22:35] [INFO] [32mServer started at:[39m
[33m-> http://localhost:5000[39m
---------
[32mSettings:[39m
[33m-> PROTOCOL: http[39m
[33m-> DOMAIN: localhost[39m
[33m-> PORT: 5000[39m
[33m-> NODE_ENV: development[39m
[33m-> LOG_LEVEL: debug[39m
[22:25:02] [INFO] [32mServer started at:[39m
[33m-> http://localhost:5000[39m
---------
[32mSettings:[39m
[33m-> PROTOCOL: http[39m
[33m-> DOMAIN: localhost[39m
[33m-> PORT: 5000[39m
[33m-> NODE_ENV: development[39m
[33m-> LOG_LEVEL: debug[39m
[22:25:16] [INFO] [32mServer started at:[39m
[33m-> http://localhost:5000[39m
---------
[32mSettings:[39m
[33m-> PROTOCOL: http[39m
[33m-> DOMAIN: localhost[39m
[33m-> PORT: 5000[39m
[33m-> NODE_ENV: development[39m
[33m-> LOG_LEVEL: debug[39m